{"contracts/GaslessForwarder.sol":{"l":{"24":2,"25":1,"29":3,"33":3,"34":3,"38":0,"39":0,"43":1,"44":1,"46":1,"48":1,"49":0,"51":0,"52":0,"53":0,"55":0},"path":"/Users/shivam/Documents/GitHub/Gasless-Forwarder/contracts/contracts/GaslessForwarder.sol","s":{"1":2,"2":3,"3":0,"4":1,"5":1,"6":1,"7":1,"8":0,"9":0,"10":0,"11":0},"b":{"1":[1,1],"2":[3,0],"3":[0,0],"4":[1,1],"5":[0,1],"6":[0,0],"7":[0,0]},"f":{"1":2,"2":3,"3":3,"4":0,"5":1},"fnMap":{"1":{"name":"onlyRelayer","line":23,"loc":{"start":{"line":23,"column":4},"end":{"line":26,"column":4}}},"2":{"name":"constructor","line":28,"loc":{"start":{"line":28,"column":4},"end":{"line":30,"column":4}}},"3":{"name":"addRelayer","line":32,"loc":{"start":{"line":32,"column":4},"end":{"line":35,"column":4}}},"4":{"name":"removeRelayer","line":37,"loc":{"start":{"line":37,"column":4},"end":{"line":40,"column":4}}},"5":{"name":"executeTransaction","line":42,"loc":{"start":{"line":42,"column":4},"end":{"line":56,"column":4}}}},"statementMap":{"1":{"start":{"line":24,"column":8},"end":{"line":24,"column":65}},"2":{"start":{"line":33,"column":8},"end":{"line":33,"column":66}},"3":{"start":{"line":38,"column":8},"end":{"line":38,"column":69}},"4":{"start":{"line":43,"column":8},"end":{"line":43,"column":101}},"5":{"start":{"line":44,"column":8},"end":{"line":44,"column":115}},"6":{"start":{"line":46,"column":8},"end":{"line":46,"column":73}},"7":{"start":{"line":48,"column":8},"end":{"line":48,"column":64}},"8":{"start":{"line":49,"column":8},"end":{"line":49,"column":62}},"9":{"start":{"line":52,"column":8},"end":{"line":52,"column":66}},"10":{"start":{"line":53,"column":8},"end":{"line":53,"column":45}},"11":{"start":{"line":55,"column":8},"end":{"line":55,"column":72}}},"branchMap":{"1":{"line":24,"type":"if","locations":[{"start":{"line":24,"column":8},"end":{"line":24,"column":8}},{"start":{"line":24,"column":8},"end":{"line":24,"column":8}}]},"2":{"line":33,"type":"if","locations":[{"start":{"line":33,"column":8},"end":{"line":33,"column":8}},{"start":{"line":33,"column":8},"end":{"line":33,"column":8}}]},"3":{"line":38,"type":"if","locations":[{"start":{"line":38,"column":8},"end":{"line":38,"column":8}},{"start":{"line":38,"column":8},"end":{"line":38,"column":8}}]},"4":{"line":42,"type":"if","locations":[{"start":{"line":42,"column":96},"end":{"line":42,"column":96}},{"start":{"line":42,"column":96},"end":{"line":42,"column":96}}]},"5":{"line":48,"type":"if","locations":[{"start":{"line":48,"column":8},"end":{"line":48,"column":8}},{"start":{"line":48,"column":8},"end":{"line":48,"column":8}}]},"6":{"line":49,"type":"if","locations":[{"start":{"line":49,"column":8},"end":{"line":49,"column":8}},{"start":{"line":49,"column":8},"end":{"line":49,"column":8}}]},"7":{"line":53,"type":"if","locations":[{"start":{"line":53,"column":8},"end":{"line":53,"column":8}},{"start":{"line":53,"column":8},"end":{"line":53,"column":8}}]}}},"contracts/MockRecipient.sol":{"l":{"8":0,"12":0,"16":0},"path":"/Users/shivam/Documents/GitHub/Gasless-Forwarder/contracts/contracts/MockRecipient.sol","s":{"1":0,"2":0},"b":{},"f":{"1":0,"2":0},"fnMap":{"1":{"name":null,"line":11,"loc":{"start":{"line":11,"column":4},"end":{"line":13,"column":4}}},"2":{"name":"getBalance","line":15,"loc":{"start":{"line":15,"column":4},"end":{"line":17,"column":4}}}},"statementMap":{"1":{"start":{"line":12,"column":8},"end":{"line":12,"column":54}},"2":{"start":{"line":16,"column":8},"end":{"line":16,"column":36}}},"branchMap":{}}}